<?xml version="1.0" encoding="UTF-8"?>
<testsuite name="net.runelite.client.plugins.slayer.SlayerPluginTest" time="0.347" tests="45" errors="0" skipped="0" failures="0">
  <properties>
[...]
</properties>
  <testcase name="testCheckSlayerGemWildernessTask" classname="net.runelite.client.plugins.slayer.SlayerPluginTest" time="0.164"/>
  <testcase name="testKonarBossTask" classname="net.runelite.client.plugins.slayer.SlayerPluginTest" time="0.006"/>
  <testcase name="testCombatBraceletUpdate" classname="net.runelite.client.plugins.slayer.SlayerPluginTest" time="0.006"/>
  <testcase name="testOneTask" classname="net.runelite.client.plugins.slayer.SlayerPluginTest" time="0.006"/>
  <testcase name="testCheckSlayerGemKonarTask" classname="net.runelite.client.plugins.slayer.SlayerPluginTest" time="0.003"/>
  <testcase name="testBossTask" classname="net.runelite.client.plugins.slayer.SlayerPluginTest" time="0.003"/>
  <testcase name="testNewAccountSlayerKill" classname="net.runelite.client.plugins.slayer.SlayerPluginTest" time="0.002"/>
  <testcase name="testIncorrectlyCapturedTaskKill" classname="net.runelite.client.plugins.slayer.SlayerPluginTest" time="0.003"/>
  <testcase name="testBraceletSlaughter" classname="net.runelite.client.plugins.slayer.SlayerPluginTest" time="0.003"/>
  <testcase name="testNewKonarTask" classname="net.runelite.client.plugins.slayer.SlayerPluginTest" time="0.004"/>
  <testcase name="testTaskMaxPoints" classname="net.runelite.client.plugins.slayer.SlayerPluginTest" time="0.006"/>
  <testcase name="testTaskMaxStreak" classname="net.runelite.client.plugins.slayer.SlayerPluginTest" time="0.003"/>
  <testcase name="testExistingTaskWilderness" classname="net.runelite.client.plugins.slayer.SlayerPluginTest" time="0.004"/>
  <testcase name="updateInitialAmount" classname="net.runelite.client.plugins.slayer.SlayerPluginTest" time="0.004"/>
  <testcase name="testBraceletExpeditious" classname="net.runelite.client.plugins.slayer.SlayerPluginTest" time="0.003"/>
  <testcase name="testMultikill" classname="net.runelite.client.plugins.slayer.SlayerPluginTest" time="0.01"/>
  <testcase name="testJadTaskKill" classname="net.runelite.client.plugins.slayer.SlayerPluginTest" time="0.005"/>
  <testcase name="testRewardPointsWidget" classname="net.runelite.client.plugins.slayer.SlayerPluginTest" time="0.003"/>
  <testcase name="testCorrectlyCapturedTaskKill" classname="net.runelite.client.plugins.slayer.SlayerPluginTest" time="0.002"/>
  <testcase name="testTaskLookup" classname="net.runelite.client.plugins.slayer.SlayerPluginTest" time="0.003"/>
  <testcase name="testComplete" classname="net.runelite.client.plugins.slayer.SlayerPluginTest" time="0.004"/>
  <testcase name="testFirstTaskKonar" classname="net.runelite.client.plugins.slayer.SlayerPluginTest" time="0.005"/>
  <testcase name="testBossTaskThe" classname="net.runelite.client.plugins.slayer.SlayerPluginTest" time="0.007"/>
  <testcase name="testPartnerTask" classname="net.runelite.client.plugins.slayer.SlayerPluginTest" time="0.002"/>
  <testcase name="testSlayergemActivateWilderness" classname="net.runelite.client.plugins.slayer.SlayerPluginTest" time="0.004"/>
  <testcase name="infoboxNotAddedOnLogin" classname="net.runelite.client.plugins.slayer.SlayerPluginTest" time="0.006"/>
  <testcase name="testTaskLookupInvalid" classname="net.runelite.client.plugins.slayer.SlayerPluginTest" time="0.004"/>
  <testcase name="testSlayergemActivateKonar" classname="net.runelite.client.plugins.slayer.SlayerPluginTest" time="0.003"/>
  <testcase name="testTaskWilderness" classname="net.runelite.client.plugins.slayer.SlayerPluginTest" time="0.006"/>
  <testcase name="testSuperiorNotification" classname="net.runelite.client.plugins.slayer.SlayerPluginTest" time="0.005"/>
  <testcase name="testTaskCompleteTurael" classname="net.runelite.client.plugins.slayer.SlayerPluginTest" time="0.003"/>
  <testcase name="testFirstTask" classname="net.runelite.client.plugins.slayer.SlayerPluginTest" time="0.004"/>
  <testcase name="testSlayergemActivate" classname="net.runelite.client.plugins.slayer.SlayerPluginTest" time="0.005"/>
  <testcase name="testCancelled" classname="net.runelite.client.plugins.slayer.SlayerPluginTest" time="0.002"/>
  <testcase name="testNoPoints" classname="net.runelite.client.plugins.slayer.SlayerPluginTest" time="0.003"/>
  <testcase name="testNewTask" classname="net.runelite.client.plugins.slayer.SlayerPluginTest" time="0.006"/>
  <testcase name="testZukTaskKill" classname="net.runelite.client.plugins.slayer.SlayerPluginTest" time="0.005"/>
  <testcase name="testExistingTaskKonar" classname="net.runelite.client.plugins.slayer.SlayerPluginTest" time="0.004"/>
  <testcase name="testPoints" classname="net.runelite.client.plugins.slayer.SlayerPluginTest" time="0.004"/>
  <testcase name="testExistingTask" classname="net.runelite.client.plugins.slayer.SlayerPluginTest" time="0.004"/>
  <testcase name="testNewNpcContactTask" classname="net.runelite.client.plugins.slayer.SlayerPluginTest" time="0.003"/>
  <testcase name="testCheckSlayerGem" classname="net.runelite.client.plugins.slayer.SlayerPluginTest" time="0.002"/>
  <testcase name="testNewKonarTask2" classname="net.runelite.client.plugins.slayer.SlayerPluginTest" time="0.003"/>
  <testcase name="testNewKonarTask3" classname="net.runelite.client.plugins.slayer.SlayerPluginTest" time="0.005"/>
  <testcase name="testLargeStreak" classname="net.runelite.client.plugins.slayer.SlayerPluginTest" time="0.005"/>
</testsuite>